2017-09-08 22:33 +08:00: { _id: 59b233bd33503209a8271ce2,
  name: 'greenboy',
  password: '96e79218965eb72c92a549dd5a330112',
  email: '2264343886@qq.com',
  active: false,
  headImg: 'images/headDefault.png',
  myInfo: 
   { name: '',
     nickName: '',
     realName: '',
     male: '',
     female: '',
     birthday: '',
     born: '',
     live: '',
     intro: '',
     star: '',
     blood: '',
     favourite: '' },
  videos: [],
  messages: [],
  postTypes: [ 'greenboy-我的日志', 'greenboy-我的文章' ],
  friend: [],
  fans: [],
  focus: [],
  regTime: 1504850877138,
  lock: false,
  blogDes: { title: '', des: '' },
  lastLogin: '2017-9-8 21:23',
  permissions: null,
  photoBooks: '[{"name":"我的相册","photos":[],"time":"2017-9-8 14:07"}]' }
2017-09-08 22:33 +08:00: [0mGET /checkLogin [32m200 [0m905.068 ms - 653[0m
2017-09-08 22:33 +08:00: greenboy
2017-09-08 22:33 +08:00: { _id: 59b233bd33503209a8271ce2,
  name: 'greenboy',
  password: '96e79218965eb72c92a549dd5a330112',
  email: '2264343886@qq.com',
  active: false,
  headImg: 'images/headDefault.png',
  myInfo: 
   { name: '',
     nickName: '',
     realName: '',
     male: '',
     female: '',
     birthday: '',
     born: '',
     live: '',
     intro: '',
     star: '',
     blood: '',
     favourite: '' },
  videos: [],
  messages: [],
  postTypes: [ 'greenboy-我的日志', 'greenboy-我的文章' ],
  friend: [],
  fans: [],
  focus: [],
  regTime: 1504850877138,
  lock: false,
  blogDes: { title: '', des: '' },
  lastLogin: '2017-9-8 21:23',
  permissions: null,
  photoBooks: '[{"name":"我的相册","photos":[],"time":"2017-9-8 14:07"}]' }
2017-09-08 22:33 +08:00: type posts
2017-09-08 22:33 +08:00: top posts
2017-09-08 22:33 +08:00: [0mPOST /userData [32m200 [0m495.555 ms - 82598[0m
2017-09-08 22:33 +08:00: update lastLogin success
2017-09-08 22:33 +08:00: [0mPOST /lastLogin [32m200 [0m15.052 ms - -[0m
2017-09-08 22:33 +08:00: [0mPOST /fPosts [32m200 [0m173.918 ms - 30098[0m
2017-09-08 22:36 +08:00: greenboy
2017-09-08 22:36 +08:00: { _id: 59b233bd33503209a8271ce2,
  name: 'greenboy',
  password: '96e79218965eb72c92a549dd5a330112',
  email: '2264343886@qq.com',
  active: false,
  headImg: 'images/headDefault.png',
  myInfo: 
   { name: '',
     nickName: '',
     realName: '',
     male: '',
     female: '',
     birthday: '',
     born: '',
     live: '',
     intro: '',
     star: '',
     blood: '',
     favourite: '' },
  videos: [],
  messages: [],
  postTypes: [ 'greenboy-我的日志', 'greenboy-我的文章' ],
  friend: [],
  fans: [],
  focus: [],
  regTime: 1504850877138,
  lock: false,
  blogDes: { title: '', des: '' },
  lastLogin: '2017-9-8 22:33',
  permissions: null,
  photoBooks: '[{"name":"我的相册","photos":[],"time":"2017-9-8 14:07"}]' }
2017-09-08 22:36 +08:00: type posts
2017-09-08 22:36 +08:00: top posts
2017-09-08 22:36 +08:00: [0mPOST /userData [32m200 [0m227.499 ms - 82598[0m
2017-09-08 22:36 +08:00: [0mPOST /fPosts [32m200 [0m23.824 ms - 30098[0m
2017-09-08 22:36 +08:00: update lastLogin success
2017-09-08 22:36 +08:00: [0mPOST /lastLogin [32m200 [0m23.128 ms - -[0m
2017-09-08 22:36 +08:00: [0mPOST /fPosts [32m200 [0m116.636 ms - 30098[0m
2017-09-08 22:36 +08:00: greenboy
2017-09-08 22:36 +08:00: [0mPOST /fPosts [31m500 [0m1194.858 ms - 1903[0m
2017-09-08 22:36 +08:00: { _id: 59b233bd33503209a8271ce2,
  name: 'greenboy',
  password: '96e79218965eb72c92a549dd5a330112',
  email: '2264343886@qq.com',
  active: false,
  headImg: 'images/headDefault.png',
  myInfo: 
   { name: '',
     nickName: '',
     realName: '',
     male: '',
     female: '',
     birthday: '',
     born: '',
     live: '',
     intro: '',
     star: '',
     blood: '',
     favourite: '' },
  videos: [],
  messages: [],
  postTypes: [ 'greenboy-我的日志', 'greenboy-我的文章' ],
  friend: [],
  fans: [],
  focus: [],
  regTime: 1504850877138,
  lock: false,
  blogDes: { title: '', des: '' },
  lastLogin: '2017-9-8 22:36',
  permissions: null,
  photoBooks: '[{"name":"我的相册","photos":[],"time":"2017-9-8 14:07"}]' }
2017-09-08 22:36 +08:00: greenboy
2017-09-08 22:36 +08:00: { _id: 59b233bd33503209a8271ce2,
  name: 'greenboy',
  password: '96e79218965eb72c92a549dd5a330112',
  email: '2264343886@qq.com',
  active: false,
  headImg: 'images/headDefault.png',
  myInfo: 
   { name: '',
     nickName: '',
     realName: '',
     male: '',
     female: '',
     birthday: '',
     born: '',
     live: '',
     intro: '',
     star: '',
     blood: '',
     favourite: '' },
  videos: [],
  messages: [],
  postTypes: [ 'greenboy-我的日志', 'greenboy-我的文章' ],
  friend: [],
  fans: [],
  focus: [],
  regTime: 1504850877138,
  lock: false,
  blogDes: { title: '', des: '' },
  lastLogin: '2017-9-8 22:36',
  permissions: null,
  photoBooks: '[{"name":"我的相册","photos":[],"time":"2017-9-8 14:07"}]' }
2017-09-08 22:36 +08:00: type posts
2017-09-08 22:36 +08:00: top posts
2017-09-08 22:36 +08:00: [0mPOST /userData [32m200 [0m152.799 ms - 82598[0m
2017-09-08 22:37 +08:00: greenboy
2017-09-08 22:37 +08:00: { _id: 59b233bd33503209a8271ce2,
  name: 'greenboy',
  password: '96e79218965eb72c92a549dd5a330112',
  email: '2264343886@qq.com',
  active: false,
  headImg: 'images/headDefault.png',
  myInfo: 
   { name: '',
     nickName: '',
     realName: '',
     male: '',
     female: '',
     birthday: '',
     born: '',
     live: '',
     intro: '',
     star: '',
     blood: '',
     favourite: '' },
  videos: [],
  messages: [],
  postTypes: [ 'greenboy-我的日志', 'greenboy-我的文章' ],
  friend: [],
  fans: [],
  focus: [],
  regTime: 1504850877138,
  lock: false,
  blogDes: { title: '', des: '' },
  lastLogin: '2017-9-8 22:36',
  permissions: null,
  photoBooks: '[{"name":"我的相册","photos":[],"time":"2017-9-8 14:07"}]' }
2017-09-08 22:37 +08:00: type posts
2017-09-08 22:37 +08:00: top posts
2017-09-08 22:37 +08:00: [0mPOST /userData [32m200 [0m1062.550 ms - 82598[0m
2017-09-08 22:37 +08:00: [0mPOST /fPosts [32m200 [0m628.970 ms - 30098[0m
2017-09-08 22:38 +08:00: greenboy
2017-09-08 22:38 +08:00: { _id: 59b233bd33503209a8271ce2,
  name: 'greenboy',
  password: '96e79218965eb72c92a549dd5a330112',
  email: '2264343886@qq.com',
  active: false,
  headImg: 'images/headDefault.png',
  myInfo: 
   { name: '',
     nickName: '',
     realName: '',
     male: '',
     female: '',
     birthday: '',
     born: '',
     live: '',
     intro: '',
     star: '',
     blood: '',
     favourite: '' },
  videos: [],
  messages: [],
  postTypes: [ 'greenboy-我的日志', 'greenboy-我的文章' ],
  friend: [],
  fans: [],
  focus: [],
  regTime: 1504850877138,
  lock: false,
  blogDes: { title: '', des: '' },
  lastLogin: '2017-9-8 22:36',
  permissions: null,
  photoBooks: '[{"name":"我的相册","photos":[],"time":"2017-9-8 14:07"}]' }
2017-09-08 22:38 +08:00: type posts
2017-09-08 22:38 +08:00: top posts
2017-09-08 22:38 +08:00: [0mPOST /userData [32m200 [0m233.599 ms - 82598[0m
2017-09-08 22:38 +08:00: [0mPOST /fPosts [32m200 [0m16.517 ms - 30098[0m
2017-09-08 22:38 +08:00: greenboy
2017-09-08 22:38 +08:00: { _id: 59b233bd33503209a8271ce2,
  name: 'greenboy',
  password: '96e79218965eb72c92a549dd5a330112',
  email: '2264343886@qq.com',
  active: false,
  headImg: 'images/headDefault.png',
  myInfo: 
   { name: '',
     nickName: '',
     realName: '',
     male: '',
     female: '',
     birthday: '',
     born: '',
     live: '',
     intro: '',
     star: '',
     blood: '',
     favourite: '' },
  videos: [],
  messages: [],
  postTypes: [ 'greenboy-我的日志', 'greenboy-我的文章' ],
  friend: [],
  fans: [],
  focus: [],
  regTime: 1504850877138,
  lock: false,
  blogDes: { title: '', des: '' },
  lastLogin: '2017-9-8 22:36',
  permissions: null,
  photoBooks: '[{"name":"我的相册","photos":[],"time":"2017-9-8 14:07"}]' }
2017-09-08 22:38 +08:00: type posts
2017-09-08 22:38 +08:00: top posts
2017-09-08 22:38 +08:00: [0mPOST /userData [32m200 [0m144.474 ms - 82598[0m
2017-09-08 22:38 +08:00: [0mPOST /fPosts [32m200 [0m41.095 ms - 30098[0m
2017-09-08 23:38 +08:00: { _id: 59b233bd33503209a8271ce2,
  name: 'greenboy',
  password: '96e79218965eb72c92a549dd5a330112',
  email: '2264343886@qq.com',
  active: false,
  headImg: 'images/headDefault.png',
  myInfo: 
   { name: '',
     nickName: '',
     realName: '',
     male: '',
     female: '',
     birthday: '',
     born: '',
     live: '',
     intro: '',
     star: '',
     blood: '',
     favourite: '' },
  videos: [],
  messages: [],
  postTypes: [ 'greenboy-我的日志', 'greenboy-我的文章' ],
  friend: [],
  fans: [],
  focus: [],
  regTime: 1504850877138,
  lock: false,
  blogDes: { title: '', des: '' },
  lastLogin: '2017-9-8 22:36',
  permissions: null,
  photoBooks: '[{"name":"我的相册","photos":[],"time":"2017-9-8 14:07"}]' }
2017-09-08 23:38 +08:00: [0mGET /checkLogin [32m200 [0m4368.309 ms - 653[0m
2017-09-08 23:39 +08:00: { _id: 59b233bd33503209a8271ce2,
  name: 'greenboy',
  password: '96e79218965eb72c92a549dd5a330112',
  email: '2264343886@qq.com',
  active: false,
  headImg: 'images/headDefault.png',
  myInfo: 
   { name: '',
     nickName: '',
     realName: '',
     male: '',
     female: '',
     birthday: '',
     born: '',
     live: '',
     intro: '',
     star: '',
     blood: '',
     favourite: '' },
  videos: [],
  messages: [],
  postTypes: [ 'greenboy-我的日志', 'greenboy-我的文章' ],
  friend: [],
  fans: [],
  focus: [],
  regTime: 1504850877138,
  lock: false,
  blogDes: { title: '', des: '' },
  lastLogin: '2017-9-8 22:36',
  permissions: null,
  photoBooks: '[{"name":"我的相册","photos":[],"time":"2017-9-8 14:07"}]' }
2017-09-08 23:39 +08:00: [0mGET /checkLogin [36m304 [0m315.446 ms - -[0m
2017-09-08 23:40 +08:00: greenboy
2017-09-08 23:40 +08:00: { _id: 59b233bd33503209a8271ce2,
  name: 'greenboy',
  password: '96e79218965eb72c92a549dd5a330112',
  email: '2264343886@qq.com',
  active: false,
  headImg: 'images/headDefault.png',
  myInfo: 
   { name: '',
     nickName: '',
     realName: '',
     male: '',
     female: '',
     birthday: '',
     born: '',
     live: '',
     intro: '',
     star: '',
     blood: '',
     favourite: '' },
  videos: [],
  messages: [],
  postTypes: [ 'greenboy-我的日志', 'greenboy-我的文章' ],
  friend: [],
  fans: [],
  focus: [],
  regTime: 1504850877138,
  lock: false,
  blogDes: { title: '', des: '' },
  lastLogin: '2017-9-8 22:36',
  permissions: null,
  photoBooks: '[{"name":"我的相册","photos":[],"time":"2017-9-8 14:07"}]' }
2017-09-08 23:40 +08:00: type posts
2017-09-08 23:40 +08:00: top posts
2017-09-08 23:40 +08:00: [0mPOST /userData [32m200 [0m481.210 ms - 82598[0m
2017-09-08 23:40 +08:00: update lastLogin success
2017-09-08 23:40 +08:00: [0mPOST /lastLogin [32m200 [0m26.921 ms - -[0m
2017-09-08 23:40 +08:00: [0mPOST /fPosts [32m200 [0m55.453 ms - 30098[0m
2017-09-08 23:42 +08:00: greenboy
2017-09-08 23:42 +08:00: { _id: 59b233bd33503209a8271ce2,
  name: 'greenboy',
  password: '96e79218965eb72c92a549dd5a330112',
  email: '2264343886@qq.com',
  active: false,
  headImg: 'images/headDefault.png',
  myInfo: 
   { name: '',
     nickName: '',
     realName: '',
     male: '',
     female: '',
     birthday: '',
     born: '',
     live: '',
     intro: '',
     star: '',
     blood: '',
     favourite: '' },
  videos: [],
  messages: [],
  postTypes: [ 'greenboy-我的日志', 'greenboy-我的文章' ],
  friend: [],
  fans: [],
  focus: [],
  regTime: 1504850877138,
  lock: false,
  blogDes: { title: '', des: '' },
  lastLogin: '2017-9-8 23:40',
  permissions: null,
  photoBooks: '[{"name":"我的相册","photos":[],"time":"2017-9-8 14:07"}]' }
2017-09-08 23:42 +08:00: type posts
2017-09-08 23:42 +08:00: top posts
2017-09-08 23:42 +08:00: [0mPOST /userData [32m200 [0m186.815 ms - 82598[0m
2017-09-08 23:42 +08:00: [0mPOST /fPosts [32m200 [0m53.287 ms - 30098[0m
2017-09-08 23:43 +08:00: greenboy
2017-09-08 23:43 +08:00: { _id: 59b233bd33503209a8271ce2,
  name: 'greenboy',
  password: '96e79218965eb72c92a549dd5a330112',
  email: '2264343886@qq.com',
  active: false,
  headImg: 'images/headDefault.png',
  myInfo: 
   { name: '',
     nickName: '',
     realName: '',
     male: '',
     female: '',
     birthday: '',
     born: '',
     live: '',
     intro: '',
     star: '',
     blood: '',
     favourite: '' },
  videos: [],
  messages: [],
  postTypes: [ 'greenboy-我的日志', 'greenboy-我的文章' ],
  friend: [],
  fans: [],
  focus: [],
  regTime: 1504850877138,
  lock: false,
  blogDes: { title: '', des: '' },
  lastLogin: '2017-9-8 23:40',
  permissions: null,
  photoBooks: '[{"name":"我的相册","photos":[],"time":"2017-9-8 14:07"}]' }
2017-09-08 23:43 +08:00: [0mPOST /fPosts [31m500 [0m76.837 ms - 1903[0m
2017-09-08 23:43 +08:00: type posts
2017-09-08 23:43 +08:00: greenboy
2017-09-08 23:43 +08:00: { _id: 59b233bd33503209a8271ce2,
  name: 'greenboy',
  password: '96e79218965eb72c92a549dd5a330112',
  email: '2264343886@qq.com',
  active: false,
  headImg: 'images/headDefault.png',
  myInfo: 
   { name: '',
     nickName: '',
     realName: '',
     male: '',
     female: '',
     birthday: '',
     born: '',
     live: '',
     intro: '',
     star: '',
     blood: '',
     favourite: '' },
  videos: [],
  messages: [],
  postTypes: [ 'greenboy-我的日志', 'greenboy-我的文章' ],
  friend: [],
  fans: [],
  focus: [],
  regTime: 1504850877138,
  lock: false,
  blogDes: { title: '', des: '' },
  lastLogin: '2017-9-8 23:40',
  permissions: null,
  photoBooks: '[{"name":"我的相册","photos":[],"time":"2017-9-8 14:07"}]' }
2017-09-08 23:43 +08:00: type posts
2017-09-08 23:43 +08:00: top posts
2017-09-08 23:43 +08:00: [0mPOST /userData [32m200 [0m341.394 ms - 82598[0m
2017-09-08 23:43 +08:00: greenboy
2017-09-08 23:43 +08:00: { _id: 59b233bd33503209a8271ce2,
  name: 'greenboy',
  password: '96e79218965eb72c92a549dd5a330112',
  email: '2264343886@qq.com',
  active: false,
  headImg: 'images/headDefault.png',
  myInfo: 
   { name: '',
     nickName: '',
     realName: '',
     male: '',
     female: '',
     birthday: '',
     born: '',
     live: '',
     intro: '',
     star: '',
     blood: '',
     favourite: '' },
  videos: [],
  messages: [],
  postTypes: [ 'greenboy-我的日志', 'greenboy-我的文章' ],
  friend: [],
  fans: [],
  focus: [],
  regTime: 1504850877138,
  lock: false,
  blogDes: { title: '', des: '' },
  lastLogin: '2017-9-8 23:40',
  permissions: null,
  photoBooks: '[{"name":"我的相册","photos":[],"time":"2017-9-8 14:07"}]' }
2017-09-08 23:43 +08:00: type posts
2017-09-08 23:43 +08:00: top posts
2017-09-08 23:43 +08:00: [0mPOST /userData [32m200 [0m260.035 ms - 82598[0m
2017-09-08 23:43 +08:00: [0mPOST /fPosts [32m200 [0m23.059 ms - 30098[0m
2017-09-08 23:44 +08:00: greenboy
2017-09-08 23:44 +08:00: { _id: 59b233bd33503209a8271ce2,
  name: 'greenboy',
  password: '96e79218965eb72c92a549dd5a330112',
  email: '2264343886@qq.com',
  active: false,
  headImg: 'images/headDefault.png',
  myInfo: 
   { name: '',
     nickName: '',
     realName: '',
     male: '',
     female: '',
     birthday: '',
     born: '',
     live: '',
     intro: '',
     star: '',
     blood: '',
     favourite: '' },
  videos: [],
  messages: [],
  postTypes: [ 'greenboy-我的日志', 'greenboy-我的文章' ],
  friend: [],
  fans: [],
  focus: [],
  regTime: 1504850877138,
  lock: false,
  blogDes: { title: '', des: '' },
  lastLogin: '2017-9-8 23:40',
  permissions: null,
  photoBooks: '[{"name":"我的相册","photos":[],"time":"2017-9-8 14:07"}]' }
2017-09-08 23:44 +08:00: type posts
2017-09-08 23:44 +08:00: top posts
2017-09-08 23:44 +08:00: [0mPOST /userData [32m200 [0m270.082 ms - 82598[0m
2017-09-08 23:44 +08:00: [0mPOST /fPosts [32m200 [0m28.948 ms - 30098[0m
